# JRE version: Java(TM) SE Runtime Environment (17.0.4+11) (build 17.0.4+11-LTS-179)
# Java VM: Java HotSpot(TM) 64-Bit Server VM (17.0.4+11-LTS-179, mixed mode, sharing, tiered, compressed oops, compressed class ptrs, g1 gc, windows-amd64)
GC Precious Log:
 CPUs: 8 total, 8 available
 Memory: 8086M
 Large Page Support: Disabled
 NUMA Support: Disabled
 Compressed Oops: Enabled (32-bit)
 Heap Region Size: 1M
 Heap Min Capacity: 8M
 Heap Initial Capacity: 128M
 Heap Max Capacity: 2G
 Pre-touch: Disabled
 Parallel Workers: 8
 Concurrent Workers: 2
 Concurrent Refinement Workers: 8
 Periodic GC: Disabled
Heap:
 garbage-first heap   total 210944K, used 97498K [0x0000000080000000, 0x0000000100000000)
  region size 1024K, 10 young (10240K), 4 survivors (4096K)
 Metaspace       used 82253K, committed 83008K, reserved 495616K
  class space    used 11411K, committed 11776K, reserved 421888K
GC Heap History (20 events):
Event: 14.378 GC heap before
{Heap before GC invocations=34 (full 0):
 garbage-first heap   total 141312K, used 94896K [0x0000000080000000, 0x0000000100000000)
  region size 1024K, 33 young (33792K), 5 survivors (5120K)
 Metaspace       used 70805K, committed 71488K, reserved 487424K
  class space    used 9956K, committed 10304K, reserved 421888K
}
Event: 14.384 GC heap after
{Heap after GC invocations=35 (full 0):
 garbage-first heap   total 141312K, used 70299K [0x0000000080000000, 0x0000000100000000)
  region size 1024K, 3 young (3072K), 3 survivors (3072K)
 Metaspace       used 70805K, committed 71488K, reserved 487424K
  class space    used 9956K, committed 10304K, reserved 421888K
}
Event: 14.488 GC heap before
{Heap before GC invocations=36 (full 0):
 garbage-first heap   total 141312K, used 81563K [0x0000000080000000, 0x0000000100000000)
  region size 1024K, 11 young (11264K), 3 survivors (3072K)
 Metaspace       used 70829K, committed 71552K, reserved 487424K
  class space    used 9958K, committed 10304K, reserved 421888K
}
Event: 14.491 GC heap after
{Heap after GC invocations=37 (full 0):
 garbage-first heap   total 141312K, used 77881K [0x0000000080000000, 0x0000000100000000)
  region size 1024K, 6 young (6144K), 6 survivors (6144K)
 Metaspace       used 70829K, committed 71552K, reserved 487424K
  class space    used 9958K, committed 10304K, reserved 421888K
}
Event: 14.706 GC heap before
{Heap before GC invocations=38 (full 0):
 garbage-first heap   total 143360K, used 101433K [0x0000000080000000, 0x0000000100000000)
  region size 1024K, 29 young (29696K), 6 survivors (6144K)
 Metaspace       used 72470K, committed 73216K, reserved 487424K
  class space    used 10169K, committed 10496K, reserved 421888K
}
Event: 14.710 GC heap after
{Heap after GC invocations=39 (full 0):
 garbage-first heap   total 143360K, used 81462K [0x0000000080000000, 0x0000000100000000)
  region size 1024K, 3 young (3072K), 3 survivors (3072K)
 Metaspace       used 72470K, committed 73216K, reserved 487424K
  class space    used 10169K, committed 10496K, reserved 421888K
}
Event: 14.966 GC heap before
{Heap before GC invocations=39 (full 0):
 garbage-first heap   total 143360K, used 105014K [0x0000000080000000, 0x0000000100000000)
  region size 1024K, 27 young (27648K), 3 survivors (3072K)
 Metaspace       used 74681K, committed 75392K, reserved 487424K
  class space    used 10396K, committed 10752K, reserved 421888K
}
Event: 14.969 GC heap after
{Heap after GC invocations=40 (full 0):
 garbage-first heap   total 143360K, used 81694K [0x0000000080000000, 0x0000000100000000)
  region size 1024K, 3 young (3072K), 3 survivors (3072K)
 Metaspace       used 74681K, committed 75392K, reserved 487424K
  class space    used 10396K, committed 10752K, reserved 421888K
}
Event: 15.251 GC heap before
{Heap before GC invocations=41 (full 0):
 garbage-first heap   total 145408K, used 113438K [0x0000000080000000, 0x0000000100000000)
  region size 1024K, 29 young (29696K), 3 survivors (3072K)
 Metaspace       used 75674K, committed 76416K, reserved 495616K
  class space    used 10522K, committed 10880K, reserved 421888K
}
Event: 15.256 GC heap after
{Heap after GC invocations=42 (full 0):
 garbage-first heap   total 145408K, used 91524K [0x0000000080000000, 0x0000000100000000)
  region size 1024K, 4 young (4096K), 4 survivors (4096K)
 Metaspace       used 75674K, committed 76416K, reserved 495616K
  class space    used 10522K, committed 10880K, reserved 421888K
}
Event: 15.297 GC heap before
{Heap before GC invocations=42 (full 0):
 garbage-first heap   total 145408K, used 93572K [0x0000000080000000, 0x0000000100000000)
  region size 1024K, 7 young (7168K), 4 survivors (4096K)
 Metaspace       used 75746K, committed 76480K, reserved 495616K
  class space    used 10535K, committed 10880K, reserved 421888K
}
Event: 15.301 GC heap after
{Heap after GC invocations=43 (full 0):
 garbage-first heap   total 145408K, used 87488K [0x0000000080000000, 0x0000000100000000)
  region size 1024K, 1 young (1024K), 1 survivors (1024K)
 Metaspace       used 75746K, committed 76480K, reserved 495616K
  class space    used 10535K, committed 10880K, reserved 421888K
}
Event: 15.582 GC heap before
{Heap before GC invocations=43 (full 0):
 garbage-first heap   total 145408K, used 112064K [0x0000000080000000, 0x0000000100000000)
  region size 1024K, 25 young (25600K), 1 survivors (1024K)
 Metaspace       used 77471K, committed 78144K, reserved 495616K
  class space    used 10768K, committed 11072K, reserved 421888K
}
Event: 15.585 GC heap after
{Heap after GC invocations=44 (full 0):
 garbage-first heap   total 145408K, used 88578K [0x0000000080000000, 0x0000000100000000)
  region size 1024K, 2 young (2048K), 2 survivors (2048K)
 Metaspace       used 77471K, committed 78144K, reserved 495616K
  class space    used 10768K, committed 11072K, reserved 421888K
}
Event: 15.913 GC heap before
{Heap before GC invocations=45 (full 0):
 garbage-first heap   total 155648K, used 112130K [0x0000000080000000, 0x0000000100000000)
  region size 1024K, 27 young (27648K), 2 survivors (2048K)
 Metaspace       used 79254K, committed 80000K, reserved 495616K
  class space    used 10975K, committed 11328K, reserved 421888K
}
Event: 15.916 GC heap after
{Heap after GC invocations=46 (full 0):
 garbage-first heap   total 155648K, used 88832K [0x0000000080000000, 0x0000000100000000)
  region size 1024K, 4 young (4096K), 4 survivors (4096K)
 Metaspace       used 79254K, committed 80000K, reserved 495616K
  class space    used 10975K, committed 11328K, reserved 421888K
}
Event: 15.957 GC heap before
{Heap before GC invocations=46 (full 0):
 garbage-first heap   total 155648K, used 91904K [0x0000000080000000, 0x0000000100000000)
  region size 1024K, 7 young (7168K), 4 survivors (4096K)
 Metaspace       used 79461K, committed 80192K, reserved 495616K
  class space    used 11022K, committed 11392K, reserved 421888K
}
Event: 15.961 GC heap after
{Heap after GC invocations=47 (full 0):
 garbage-first heap   total 210944K, used 88791K [0x0000000080000000, 0x0000000100000000)
  region size 1024K, 1 young (1024K), 1 survivors (1024K)
 Metaspace       used 79461K, committed 80192K, reserved 495616K
  class space    used 11022K, committed 11392K, reserved 421888K
}
Event: 16.539 GC heap before
{Heap before GC invocations=47 (full 0):
 garbage-first heap   total 210944K, used 156375K [0x0000000080000000, 0x0000000100000000)
  region size 1024K, 67 young (68608K), 1 survivors (1024K)
 Metaspace       used 81979K, committed 82752K, reserved 495616K
  class space    used 11371K, committed 11712K, reserved 421888K
}
Event: 16.544 GC heap after
{Heap after GC invocations=48 (full 0):
 garbage-first heap   total 210944K, used 92378K [0x0000000080000000, 0x0000000100000000)
  region size 1024K, 4 young (4096K), 4 survivors (4096K)
 Metaspace       used 81979K, committed 82752K, reserved 495616K
  class space    used 11371K, committed 11712K, reserved 421888K
}

