# JRE version: Java(TM) SE Runtime Environment (17.0.4+11) (build 17.0.4+11-LTS-179)
# Java VM: Java HotSpot(TM) 64-Bit Server VM (17.0.4+11-LTS-179, mixed mode, sharing, tiered, compressed oops, compressed class ptrs, g1 gc, windows-amd64)
GC Precious Log:
 CPUs: 8 total, 8 available
 Memory: 8086M
 Large Page Support: Disabled
 NUMA Support: Disabled
 Compressed Oops: Enabled (32-bit)
 Heap Region Size: 1M
 Heap Min Capacity: 8M
 Heap Initial Capacity: 128M
 Heap Max Capacity: 2G
 Pre-touch: Disabled
 Parallel Workers: 8
 Concurrent Workers: 2
 Concurrent Refinement Workers: 8
 Periodic GC: Disabled
Heap:
 garbage-first heap   total 81920K, used 50901K [0x0000000080000000, 0x0000000100000000)
  region size 1024K, 24 young (24576K), 3 survivors (3072K)
 Metaspace       used 33030K, committed 33408K, reserved 454656K
  class space    used 4558K, committed 4736K, reserved 421888K
GC Heap History (12 events):
Event: 2.272 GC heap before
{Heap before GC invocations=0 (full 0):
 garbage-first heap   total 131072K, used 26624K [0x0000000080000000, 0x0000000100000000)
  region size 1024K, 23 young (23552K), 0 survivors (0K)
 Metaspace       used 3059K, committed 3200K, reserved 430080K
  class space    used 392K, committed 448K, reserved 421888K
}
Event: 2.287 GC heap after
{Heap after GC invocations=1 (full 0):
 garbage-first heap   total 131072K, used 10479K [0x0000000080000000, 0x0000000100000000)
  region size 1024K, 3 young (3072K), 3 survivors (3072K)
 Metaspace       used 3059K, committed 3200K, reserved 430080K
  class space    used 392K, committed 448K, reserved 421888K
}
Event: 3.609 GC heap before
{Heap before GC invocations=1 (full 0):
 garbage-first heap   total 131072K, used 36079K [0x0000000080000000, 0x0000000100000000)
  region size 1024K, 29 young (29696K), 3 survivors (3072K)
 Metaspace       used 4008K, committed 4160K, reserved 430080K
  class space    used 490K, committed 576K, reserved 421888K
}
Event: 3.617 GC heap after
{Heap after GC invocations=2 (full 0):
 garbage-first heap   total 131072K, used 11900K [0x0000000080000000, 0x0000000100000000)
  region size 1024K, 2 young (2048K), 2 survivors (2048K)
 Metaspace       used 4008K, committed 4160K, reserved 430080K
  class space    used 490K, committed 576K, reserved 421888K
}
Event: 9.013 GC heap before
{Heap before GC invocations=2 (full 0):
 garbage-first heap   total 131072K, used 88700K [0x0000000080000000, 0x0000000100000000)
  region size 1024K, 76 young (77824K), 2 survivors (2048K)
 Metaspace       used 16071K, committed 16384K, reserved 438272K
  class space    used 2311K, committed 2496K, reserved 421888K
}
Event: 9.028 GC heap after
{Heap after GC invocations=3 (full 0):
 garbage-first heap   total 131072K, used 20408K [0x0000000080000000, 0x0000000100000000)
  region size 1024K, 10 young (10240K), 10 survivors (10240K)
 Metaspace       used 16071K, committed 16384K, reserved 438272K
  class space    used 2311K, committed 2496K, reserved 421888K
}
Event: 11.432 GC heap before
{Heap before GC invocations=3 (full 0):
 garbage-first heap   total 131072K, used 60344K [0x0000000080000000, 0x0000000100000000)
  region size 1024K, 50 young (51200K), 10 survivors (10240K)
 Metaspace       used 21153K, committed 21504K, reserved 446464K
  class space    used 3121K, committed 3328K, reserved 421888K
}
Event: 11.440 GC heap after
{Heap after GC invocations=4 (full 0):
 garbage-first heap   total 131072K, used 22669K [0x0000000080000000, 0x0000000100000000)
  region size 1024K, 3 young (3072K), 3 survivors (3072K)
 Metaspace       used 21153K, committed 21504K, reserved 446464K
  class space    used 3121K, committed 3328K, reserved 421888K
}
Event: 14.069 GC heap before
{Heap before GC invocations=5 (full 0):
 garbage-first heap   total 81920K, used 67725K [0x0000000080000000, 0x0000000100000000)
  region size 1024K, 48 young (49152K), 3 survivors (3072K)
 Metaspace       used 29416K, committed 29760K, reserved 454656K
  class space    used 4140K, committed 4288K, reserved 421888K
}
Event: 14.077 GC heap after
{Heap after GC invocations=6 (full 0):
 garbage-first heap   total 81920K, used 27190K [0x0000000080000000, 0x0000000100000000)
  region size 1024K, 6 young (6144K), 6 survivors (6144K)
 Metaspace       used 29416K, committed 29760K, reserved 454656K
  class space    used 4140K, committed 4288K, reserved 421888K
}
Event: 15.273 GC heap before
{Heap before GC invocations=6 (full 0):
 garbage-first heap   total 81920K, used 64054K [0x0000000080000000, 0x0000000100000000)
  region size 1024K, 38 young (38912K), 6 survivors (6144K)
 Metaspace       used 32052K, committed 32448K, reserved 454656K
  class space    used 4429K, committed 4608K, reserved 421888K
}
Event: 15.284 GC heap after
{Heap after GC invocations=7 (full 0):
 garbage-first heap   total 81920K, used 30421K [0x0000000080000000, 0x0000000100000000)
  region size 1024K, 3 young (3072K), 3 survivors (3072K)
 Metaspace       used 32052K, committed 32448K, reserved 454656K
  class space    used 4429K, committed 4608K, reserved 421888K
}

