# JRE version: Java(TM) SE Runtime Environment (17.0.4+11) (build 17.0.4+11-LTS-179)
# Java VM: Java HotSpot(TM) 64-Bit Server VM (17.0.4+11-LTS-179, mixed mode, sharing, tiered, compressed oops, compressed class ptrs, g1 gc, windows-amd64)
GC Precious Log:
 CPUs: 8 total, 8 available
 Memory: 8086M
 Large Page Support: Disabled
 NUMA Support: Disabled
 Compressed Oops: Enabled (32-bit)
 Heap Region Size: 1M
 Heap Min Capacity: 8M
 Heap Initial Capacity: 128M
 Heap Max Capacity: 2G
 Pre-touch: Disabled
 Parallel Workers: 8
 Concurrent Workers: 2
 Concurrent Refinement Workers: 8
 Periodic GC: Disabled
Heap:
 garbage-first heap   total 258048K, used 153938K [0x0000000080000000, 0x0000000100000000)
  region size 1024K, 8 young (8192K), 3 survivors (3072K)
 Metaspace       used 101195K, committed 102144K, reserved 512000K
  class space    used 14067K, committed 14528K, reserved 421888K
GC Heap History (20 events):
Event: 39.450 GC heap before
{Heap before GC invocations=64 (full 0):
 garbage-first heap   total 229376K, used 191491K [0x0000000080000000, 0x0000000100000000)
  region size 1024K, 56 young (57344K), 1 survivors (1024K)
 Metaspace       used 97016K, committed 97920K, reserved 512000K
  class space    used 13657K, committed 14080K, reserved 421888K
}
Event: 39.457 GC heap after
{Heap after GC invocations=65 (full 0):
 garbage-first heap   total 229376K, used 134238K [0x0000000080000000, 0x0000000100000000)
  region size 1024K, 4 young (4096K), 4 survivors (4096K)
 Metaspace       used 97016K, committed 97920K, reserved 512000K
  class space    used 13657K, committed 14080K, reserved 421888K
}
Event: 39.635 GC heap before
{Heap before GC invocations=65 (full 0):
 garbage-first heap   total 229376K, used 145502K [0x0000000080000000, 0x0000000100000000)
  region size 1024K, 15 young (15360K), 4 survivors (4096K)
 Metaspace       used 97048K, committed 97920K, reserved 512000K
  class space    used 13660K, committed 14080K, reserved 421888K
}
Event: 39.641 GC heap after
{Heap after GC invocations=66 (full 0):
 garbage-first heap   total 229376K, used 137385K [0x0000000080000000, 0x0000000100000000)
  region size 1024K, 5 young (5120K), 5 survivors (5120K)
 Metaspace       used 97048K, committed 97920K, reserved 512000K
  class space    used 13660K, committed 14080K, reserved 421888K
}
Event: 40.500 GC heap before
{Heap before GC invocations=67 (full 0):
 garbage-first heap   total 258048K, used 204969K [0x0000000080000000, 0x0000000100000000)
  region size 1024K, 58 young (59392K), 5 survivors (5120K)
 Metaspace       used 97298K, committed 98176K, reserved 512000K
  class space    used 13669K, committed 14080K, reserved 421888K
}
Event: 40.514 GC heap after
{Heap after GC invocations=68 (full 0):
 garbage-first heap   total 258048K, used 139728K [0x0000000080000000, 0x0000000100000000)
  region size 1024K, 6 young (6144K), 6 survivors (6144K)
 Metaspace       used 97298K, committed 98176K, reserved 512000K
  class space    used 13669K, committed 14080K, reserved 421888K
}
Event: 40.559 GC heap before
{Heap before GC invocations=68 (full 0):
 garbage-first heap   total 258048K, used 149968K [0x0000000080000000, 0x0000000100000000)
  region size 1024K, 12 young (12288K), 6 survivors (6144K)
 Metaspace       used 97308K, committed 98176K, reserved 512000K
  class space    used 13669K, committed 14080K, reserved 421888K
}
Event: 40.568 GC heap after
{Heap after GC invocations=69 (full 0):
 garbage-first heap   total 258048K, used 140607K [0x0000000080000000, 0x0000000100000000)
  region size 1024K, 2 young (2048K), 2 survivors (2048K)
 Metaspace       used 97308K, committed 98176K, reserved 512000K
  class space    used 13669K, committed 14080K, reserved 421888K
}
Event: 41.382 GC heap before
{Heap before GC invocations=69 (full 0):
 garbage-first heap   total 258048K, used 218431K [0x0000000080000000, 0x0000000100000000)
  region size 1024K, 71 young (72704K), 2 survivors (2048K)
 Metaspace       used 97569K, committed 98432K, reserved 512000K
  class space    used 13693K, committed 14080K, reserved 421888K
}
Event: 41.390 GC heap after
{Heap after GC invocations=70 (full 0):
 garbage-first heap   total 258048K, used 144193K [0x0000000080000000, 0x0000000100000000)
  region size 1024K, 5 young (5120K), 5 survivors (5120K)
 Metaspace       used 97569K, committed 98432K, reserved 512000K
  class space    used 13693K, committed 14080K, reserved 421888K
}
Event: 41.954 GC heap before
{Heap before GC invocations=70 (full 0):
 garbage-first heap   total 258048K, used 220993K [0x0000000080000000, 0x0000000100000000)
  region size 1024K, 73 young (74752K), 5 survivors (5120K)
 Metaspace       used 97646K, committed 98560K, reserved 512000K
  class space    used 13698K, committed 14144K, reserved 421888K
}
Event: 41.966 GC heap after
{Heap after GC invocations=71 (full 0):
 garbage-first heap   total 258048K, used 148107K [0x0000000080000000, 0x0000000100000000)
  region size 1024K, 9 young (9216K), 9 survivors (9216K)
 Metaspace       used 97646K, committed 98560K, reserved 512000K
  class space    used 13698K, committed 14144K, reserved 421888K
}
Event: 899.925 GC heap before
{Heap before GC invocations=71 (full 0):
 garbage-first heap   total 258048K, used 219787K [0x0000000080000000, 0x0000000100000000)
  region size 1024K, 75 young (76800K), 9 survivors (9216K)
 Metaspace       used 100622K, committed 101568K, reserved 512000K
  class space    used 13998K, committed 14464K, reserved 421888K
}
Event: 899.954 GC heap after
{Heap after GC invocations=72 (full 0):
 garbage-first heap   total 258048K, used 151688K [0x0000000080000000, 0x0000000100000000)
  region size 1024K, 8 young (8192K), 8 survivors (8192K)
 Metaspace       used 100622K, committed 101568K, reserved 512000K
  class space    used 13998K, committed 14464K, reserved 421888K
}
Event: 3592.423 GC heap before
{Heap before GC invocations=72 (full 0):
 garbage-first heap   total 258048K, used 216200K [0x0000000080000000, 0x0000000100000000)
  region size 1024K, 71 young (72704K), 8 survivors (8192K)
 Metaspace       used 100740K, committed 101696K, reserved 512000K
  class space    used 13998K, committed 14464K, reserved 421888K
}
Event: 3592.491 GC heap after
{Heap after GC invocations=73 (full 0):
 garbage-first heap   total 258048K, used 151922K [0x0000000080000000, 0x0000000100000000)
  region size 1024K, 4 young (4096K), 4 survivors (4096K)
 Metaspace       used 100740K, committed 101696K, reserved 512000K
  class space    used 13998K, committed 14464K, reserved 421888K
}
Event: 6432.431 GC heap before
{Heap before GC invocations=73 (full 0):
 garbage-first heap   total 258048K, used 219506K [0x0000000080000000, 0x0000000100000000)
  region size 1024K, 70 young (71680K), 4 survivors (4096K)
 Metaspace       used 100742K, committed 101696K, reserved 512000K
  class space    used 13998K, committed 14464K, reserved 421888K
}
Event: 6432.452 GC heap after
{Heap after GC invocations=74 (full 0):
 garbage-first heap   total 258048K, used 150238K [0x0000000080000000, 0x0000000100000000)
  region size 1024K, 3 young (3072K), 3 survivors (3072K)
 Metaspace       used 100742K, committed 101696K, reserved 512000K
  class space    used 13998K, committed 14464K, reserved 421888K
}
Event: 9100.891 GC heap before
{Heap before GC invocations=74 (full 0):
 garbage-first heap   total 258048K, used 219870K [0x0000000080000000, 0x0000000100000000)
  region size 1024K, 72 young (73728K), 3 survivors (3072K)
 Metaspace       used 100905K, committed 101824K, reserved 512000K
  class space    used 14025K, committed 14464K, reserved 421888K
}
Event: 9100.897 GC heap after
{Heap after GC invocations=75 (full 0):
 garbage-first heap   total 258048K, used 150866K [0x0000000080000000, 0x0000000100000000)
  region size 1024K, 3 young (3072K), 3 survivors (3072K)
 Metaspace       used 100905K, committed 101824K, reserved 512000K
  class space    used 14025K, committed 14464K, reserved 421888K
}

