# JRE version: Java(TM) SE Runtime Environment (17.0.4+11) (build 17.0.4+11-LTS-179)
# Java VM: Java HotSpot(TM) 64-Bit Server VM (17.0.4+11-LTS-179, mixed mode, sharing, tiered, compressed oops, compressed class ptrs, g1 gc, windows-amd64)
GC Precious Log:
 CPUs: 8 total, 8 available
 Memory: 8086M
 Large Page Support: Disabled
 NUMA Support: Disabled
 Compressed Oops: Enabled (32-bit)
 Heap Region Size: 1M
 Heap Min Capacity: 8M
 Heap Initial Capacity: 128M
 Heap Max Capacity: 2G
 Pre-touch: Disabled
 Parallel Workers: 8
 Concurrent Workers: 2
 Concurrent Refinement Workers: 8
 Periodic GC: Disabled
Heap:
 garbage-first heap   total 111616K, used 72651K [0x0000000080000000, 0x0000000100000000)
  region size 1024K, 6 young (6144K), 3 survivors (3072K)
 Metaspace       used 65976K, committed 66624K, reserved 479232K
  class space    used 9363K, committed 9664K, reserved 421888K
GC Heap History (20 events):
Event: 33.840 GC heap before
{Heap before GC invocations=18 (full 0):
 garbage-first heap   total 81920K, used 67714K [0x0000000080000000, 0x0000000100000000)
  region size 1024K, 22 young (22528K), 4 survivors (4096K)
 Metaspace       used 50896K, committed 51520K, reserved 471040K
  class space    used 7195K, committed 7488K, reserved 421888K
}
Event: 33.846 GC heap after
{Heap after GC invocations=19 (full 0):
 garbage-first heap   total 81920K, used 50366K [0x0000000080000000, 0x0000000100000000)
  region size 1024K, 1 young (1024K), 1 survivors (1024K)
 Metaspace       used 50896K, committed 51520K, reserved 471040K
  class space    used 7195K, committed 7488K, reserved 421888K
}
Event: 34.203 GC heap before
{Heap before GC invocations=20 (full 0):
 garbage-first heap   total 91136K, used 59582K [0x0000000080000000, 0x0000000100000000)
  region size 1024K, 11 young (11264K), 1 survivors (1024K)
 Metaspace       used 51804K, committed 52480K, reserved 471040K
  class space    used 7349K, committed 7680K, reserved 421888K
}
Event: 34.211 GC heap after
{Heap after GC invocations=21 (full 0):
 garbage-first heap   total 91136K, used 50762K [0x0000000080000000, 0x0000000100000000)
  region size 1024K, 2 young (2048K), 2 survivors (2048K)
 Metaspace       used 51804K, committed 52480K, reserved 471040K
  class space    used 7349K, committed 7680K, reserved 421888K
}
Event: 35.172 GC heap before
{Heap before GC invocations=22 (full 0):
 garbage-first heap   total 97280K, used 77386K [0x0000000080000000, 0x0000000100000000)
  region size 1024K, 25 young (25600K), 2 survivors (2048K)
 Metaspace       used 53502K, committed 54144K, reserved 471040K
  class space    used 7571K, committed 7872K, reserved 421888K
}
Event: 35.177 GC heap after
{Heap after GC invocations=23 (full 0):
 garbage-first heap   total 97280K, used 55828K [0x0000000080000000, 0x0000000100000000)
  region size 1024K, 3 young (3072K), 3 survivors (3072K)
 Metaspace       used 53502K, committed 54144K, reserved 471040K
  class space    used 7571K, committed 7872K, reserved 421888K
}
Event: 35.967 GC heap before
{Heap before GC invocations=23 (full 0):
 garbage-first heap   total 97280K, used 79380K [0x0000000080000000, 0x0000000100000000)
  region size 1024K, 26 young (26624K), 3 survivors (3072K)
 Metaspace       used 55460K, committed 56128K, reserved 471040K
  class space    used 7851K, committed 8192K, reserved 421888K
}
Event: 35.973 GC heap after
{Heap after GC invocations=24 (full 0):
 garbage-first heap   total 97280K, used 56955K [0x0000000080000000, 0x0000000100000000)
  region size 1024K, 3 young (3072K), 3 survivors (3072K)
 Metaspace       used 55460K, committed 56128K, reserved 471040K
  class space    used 7851K, committed 8192K, reserved 421888K
}
Event: 36.736 GC heap before
{Heap before GC invocations=25 (full 0):
 garbage-first heap   total 101376K, used 80507K [0x0000000080000000, 0x0000000100000000)
  region size 1024K, 26 young (26624K), 3 survivors (3072K)
 Metaspace       used 58259K, committed 58880K, reserved 479232K
  class space    used 8212K, committed 8512K, reserved 421888K
}
Event: 36.741 GC heap after
{Heap after GC invocations=26 (full 0):
 garbage-first heap   total 101376K, used 57884K [0x0000000080000000, 0x0000000100000000)
  region size 1024K, 3 young (3072K), 3 survivors (3072K)
 Metaspace       used 58259K, committed 58880K, reserved 479232K
  class space    used 8212K, committed 8512K, reserved 421888K
}
Event: 37.855 GC heap before
{Heap before GC invocations=26 (full 0):
 garbage-first heap   total 101376K, used 83484K [0x0000000080000000, 0x0000000100000000)
  region size 1024K, 28 young (28672K), 3 survivors (3072K)
 Metaspace       used 59791K, committed 60480K, reserved 479232K
  class space    used 8438K, committed 8768K, reserved 421888K
}
Event: 37.860 GC heap after
{Heap after GC invocations=27 (full 0):
 garbage-first heap   total 101376K, used 59352K [0x0000000080000000, 0x0000000100000000)
  region size 1024K, 4 young (4096K), 4 survivors (4096K)
 Metaspace       used 59791K, committed 60480K, reserved 479232K
  class space    used 8438K, committed 8768K, reserved 421888K
}
Event: 38.400 GC heap before
{Heap before GC invocations=28 (full 0):
 garbage-first heap   total 109568K, used 83928K [0x0000000080000000, 0x0000000100000000)
  region size 1024K, 28 young (28672K), 4 survivors (4096K)
 Metaspace       used 61202K, committed 61888K, reserved 479232K
  class space    used 8661K, committed 8960K, reserved 421888K
}
Event: 38.406 GC heap after
{Heap after GC invocations=29 (full 0):
 garbage-first heap   total 109568K, used 60800K [0x0000000080000000, 0x0000000100000000)
  region size 1024K, 3 young (3072K), 3 survivors (3072K)
 Metaspace       used 61202K, committed 61888K, reserved 479232K
  class space    used 8661K, committed 8960K, reserved 421888K
}
Event: 39.640 GC heap before
{Heap before GC invocations=29 (full 0):
 garbage-first heap   total 109568K, used 90496K [0x0000000080000000, 0x0000000100000000)
  region size 1024K, 32 young (32768K), 3 survivors (3072K)
 Metaspace       used 63054K, committed 63744K, reserved 479232K
  class space    used 8928K, committed 9216K, reserved 421888K
}
Event: 39.651 GC heap after
{Heap after GC invocations=30 (full 0):
 garbage-first heap   total 109568K, used 63660K [0x0000000080000000, 0x0000000100000000)
  region size 1024K, 4 young (4096K), 4 survivors (4096K)
 Metaspace       used 63054K, committed 63744K, reserved 479232K
  class space    used 8928K, committed 9216K, reserved 421888K
}
Event: 41.106 GC heap before
{Heap before GC invocations=31 (full 0):
 garbage-first heap   total 111616K, used 89260K [0x0000000080000000, 0x0000000100000000)
  region size 1024K, 30 young (30720K), 4 survivors (4096K)
 Metaspace       used 65310K, committed 65984K, reserved 479232K
  class space    used 9288K, committed 9600K, reserved 421888K
}
Event: 41.119 GC heap after
{Heap after GC invocations=32 (full 0):
 garbage-first heap   total 111616K, used 65748K [0x0000000080000000, 0x0000000100000000)
  region size 1024K, 3 young (3072K), 3 survivors (3072K)
 Metaspace       used 65310K, committed 65984K, reserved 479232K
  class space    used 9288K, committed 9600K, reserved 421888K
}
Event: 41.751 GC heap before
{Heap before GC invocations=32 (full 0):
 garbage-first heap   total 111616K, used 84180K [0x0000000080000000, 0x0000000100000000)
  region size 1024K, 23 young (23552K), 3 survivors (3072K)
 Metaspace       used 65930K, committed 66560K, reserved 479232K
  class space    used 9359K, committed 9664K, reserved 421888K
}
Event: 41.755 GC heap after
{Heap after GC invocations=33 (full 0):
 garbage-first heap   total 111616K, used 66507K [0x0000000080000000, 0x0000000100000000)
  region size 1024K, 3 young (3072K), 3 survivors (3072K)
 Metaspace       used 65930K, committed 66560K, reserved 479232K
  class space    used 9359K, committed 9664K, reserved 421888K
}

