# JRE version: Java(TM) SE Runtime Environment (17.0.4+11) (build 17.0.4+11-LTS-179)
# Java VM: Java HotSpot(TM) 64-Bit Server VM (17.0.4+11-LTS-179, mixed mode, sharing, tiered, compressed oops, compressed class ptrs, g1 gc, windows-amd64)
GC Precious Log:
 CPUs: 8 total, 8 available
 Memory: 8086M
 Large Page Support: Disabled
 NUMA Support: Disabled
 Compressed Oops: Enabled (32-bit)
 Heap Region Size: 1M
 Heap Min Capacity: 8M
 Heap Initial Capacity: 128M
 Heap Max Capacity: 2G
 Pre-touch: Disabled
 Parallel Workers: 8
 Concurrent Workers: 2
 Concurrent Refinement Workers: 8
 Periodic GC: Disabled
Heap:
 garbage-first heap   total 352256K, used 154328K [0x0000000080000000, 0x0000000100000000)
  region size 1024K, 10 young (10240K), 10 survivors (10240K)
 Metaspace       used 118994K, committed 119936K, reserved 528384K
  class space    used 16289K, committed 16768K, reserved 421888K
GC Heap History (20 events):
Event: 32.367 GC heap after
{Heap after GC invocations=41 (full 0):
 garbage-first heap   total 352256K, used 117120K [0x0000000080000000, 0x0000000100000000)
  region size 1024K, 22 young (22528K), 22 survivors (22528K)
 Metaspace       used 117675K, committed 118592K, reserved 528384K
  class space    used 16212K, committed 16640K, reserved 421888K
}
Event: 33.008 GC heap before
{Heap before GC invocations=41 (full 0):
 garbage-first heap   total 352256K, used 280960K [0x0000000080000000, 0x0000000100000000)
  region size 1024K, 176 young (180224K), 22 survivors (22528K)
 Metaspace       used 118194K, committed 119168K, reserved 528384K
  class space    used 16253K, committed 16704K, reserved 421888K
}
Event: 33.024 GC heap after
{Heap after GC invocations=42 (full 0):
 garbage-first heap   total 352256K, used 125693K [0x0000000080000000, 0x0000000100000000)
  region size 1024K, 8 young (8192K), 8 survivors (8192K)
 Metaspace       used 118194K, committed 119168K, reserved 528384K
  class space    used 16253K, committed 16704K, reserved 421888K
}
Event: 33.456 GC heap before
{Heap before GC invocations=42 (full 0):
 garbage-first heap   total 352256K, used 283389K [0x0000000080000000, 0x0000000100000000)
  region size 1024K, 161 young (164864K), 8 survivors (8192K)
 Metaspace       used 118253K, committed 119232K, reserved 528384K
  class space    used 16253K, committed 16704K, reserved 421888K
}
Event: 33.459 GC heap after
{Heap after GC invocations=43 (full 0):
 garbage-first heap   total 352256K, used 123363K [0x0000000080000000, 0x0000000100000000)
  region size 1024K, 6 young (6144K), 6 survivors (6144K)
 Metaspace       used 118253K, committed 119232K, reserved 528384K
  class space    used 16253K, committed 16704K, reserved 421888K
}
Event: 34.361 GC heap before
{Heap before GC invocations=43 (full 0):
 garbage-first heap   total 352256K, used 309731K [0x0000000080000000, 0x0000000100000000)
  region size 1024K, 151 young (154624K), 6 survivors (6144K)
 Metaspace       used 118850K, committed 119808K, reserved 528384K
  class space    used 16288K, committed 16768K, reserved 421888K
}
Event: 34.364 GC heap after
{Heap after GC invocations=44 (full 0):
 garbage-first heap   total 352256K, used 129884K [0x0000000080000000, 0x0000000100000000)
  region size 1024K, 3 young (3072K), 3 survivors (3072K)
 Metaspace       used 118850K, committed 119808K, reserved 528384K
  class space    used 16288K, committed 16768K, reserved 421888K
}
Event: 34.731 GC heap before
{Heap before GC invocations=44 (full 0):
 garbage-first heap   total 352256K, used 307036K [0x0000000080000000, 0x0000000100000000)
  region size 1024K, 162 young (165888K), 3 survivors (3072K)
 Metaspace       used 118862K, committed 119808K, reserved 528384K
  class space    used 16289K, committed 16768K, reserved 421888K
}
Event: 34.734 GC heap after
{Heap after GC invocations=45 (full 0):
 garbage-first heap   total 352256K, used 121610K [0x0000000080000000, 0x0000000100000000)
  region size 1024K, 5 young (5120K), 5 survivors (5120K)
 Metaspace       used 118862K, committed 119808K, reserved 528384K
  class space    used 16289K, committed 16768K, reserved 421888K
}
Event: 35.237 GC heap before
{Heap before GC invocations=45 (full 0):
 garbage-first heap   total 352256K, used 299786K [0x0000000080000000, 0x0000000100000000)
  region size 1024K, 173 young (177152K), 5 survivors (5120K)
 Metaspace       used 118947K, committed 119936K, reserved 528384K
  class space    used 16289K, committed 16768K, reserved 421888K
}
Event: 35.240 GC heap after
{Heap after GC invocations=46 (full 0):
 garbage-first heap   total 352256K, used 119998K [0x0000000080000000, 0x0000000100000000)
  region size 1024K, 3 young (3072K), 3 survivors (3072K)
 Metaspace       used 118947K, committed 119936K, reserved 528384K
  class space    used 16289K, committed 16768K, reserved 421888K
}
Event: 35.364 GC heap before
{Heap before GC invocations=46 (full 0):
 garbage-first heap   total 352256K, used 233662K [0x0000000080000000, 0x0000000100000000)
  region size 1024K, 85 young (87040K), 3 survivors (3072K)
 Metaspace       used 118986K, committed 119936K, reserved 528384K
  class space    used 16289K, committed 16768K, reserved 421888K
}
Event: 35.367 GC heap after
{Heap after GC invocations=47 (full 0):
 garbage-first heap   total 352256K, used 131305K [0x0000000080000000, 0x0000000100000000)
  region size 1024K, 6 young (6144K), 6 survivors (6144K)
 Metaspace       used 118986K, committed 119936K, reserved 528384K
  class space    used 16289K, committed 16768K, reserved 421888K
}
Event: 35.409 GC heap before
{Heap before GC invocations=47 (full 0):
 garbage-first heap   total 352256K, used 167145K [0x0000000080000000, 0x0000000100000000)
  region size 1024K, 17 young (17408K), 6 survivors (6144K)
 Metaspace       used 118994K, committed 119936K, reserved 528384K
  class space    used 16289K, committed 16768K, reserved 421888K
}
Event: 35.413 GC heap after
{Heap after GC invocations=48 (full 0):
 garbage-first heap   total 352256K, used 137052K [0x0000000080000000, 0x0000000100000000)
  region size 1024K, 8 young (8192K), 8 survivors (8192K)
 Metaspace       used 118994K, committed 119936K, reserved 528384K
  class space    used 16289K, committed 16768K, reserved 421888K
}
Event: 35.440 GC heap before
{Heap before GC invocations=48 (full 0):
 garbage-first heap   total 352256K, used 159580K [0x0000000080000000, 0x0000000100000000)
  region size 1024K, 18 young (18432K), 8 survivors (8192K)
 Metaspace       used 118994K, committed 119936K, reserved 528384K
  class space    used 16289K, committed 16768K, reserved 421888K
}
Event: 35.443 GC heap after
{Heap after GC invocations=49 (full 0):
 garbage-first heap   total 352256K, used 142851K [0x0000000080000000, 0x0000000100000000)
  region size 1024K, 10 young (10240K), 10 survivors (10240K)
 Metaspace       used 118994K, committed 119936K, reserved 528384K
  class space    used 16289K, committed 16768K, reserved 421888K
}
Event: 35.482 GC heap before
{Heap before GC invocations=49 (full 0):
 garbage-first heap   total 352256K, used 195075K [0x0000000080000000, 0x0000000100000000)
  region size 1024K, 35 young (35840K), 10 survivors (10240K)
 Metaspace       used 118994K, committed 119936K, reserved 528384K
  class space    used 16289K, committed 16768K, reserved 421888K
}
Event: 35.486 GC heap after
{Heap after GC invocations=50 (full 0):
 garbage-first heap   total 352256K, used 149093K [0x0000000080000000, 0x0000000100000000)
  region size 1024K, 10 young (10240K), 10 survivors (10240K)
 Metaspace       used 118994K, committed 119936K, reserved 528384K
  class space    used 16289K, committed 16768K, reserved 421888K
}
Event: 35.505 GC heap before
{Heap before GC invocations=50 (full 0):
 garbage-first heap   total 352256K, used 174693K [0x0000000080000000, 0x0000000100000000)
  region size 1024K, 20 young (20480K), 10 survivors (10240K)
 Metaspace       used 118994K, committed 119936K, reserved 528384K
  class space    used 16289K, committed 16768K, reserved 421888K
}

